<?xml version="1.0" encoding="UTF-8"?>
<!-- Generated by org.testng.reporters.JUnitReportReporter -->
<testsuite skipped="0" hostname="DESKTOP-A8S42PH" name="com.myprjct.qa.testcases.LoginpageTest" tests="3" failures="0" timestamp="29 Dec 2019 15:49:15 GMT" time="57.646" errors="0">
  <testcase name="loginPageTitleTest" time="16.960" classname="com.myprjct.qa.testcases.LoginpageTest"/>
  <testcase name="crmlogImgTest" time="18.730" classname="com.myprjct.qa.testcases.LoginpageTest"/>
  <testcase name="loginTest" time="21.956" classname="com.myprjct.qa.testcases.LoginpageTest"/>
</testsuite> <!-- com.myprjct.qa.testcases.LoginpageTest -->
