<?xml version="1.0" encoding="UTF-8"?>
<!-- Generated by org.testng.reporters.JUnitReportReporter -->
<testsuite skipped="0" hostname="DESKTOP-A8S42PH" name="com.myprjct.qa.testcases.HomepageTest" tests="4" failures="0" timestamp="29 Dec 2019 15:49:15 GMT" time="87.340" errors="0">
  <testcase name="verifyHomepageTitleTest" time="22.969" classname="com.myprjct.qa.testcases.HomepageTest"/>
  <testcase name="verifyUsernameTest" time="19.765" classname="com.myprjct.qa.testcases.HomepageTest"/>
  <testcase name="verifyContactLinkTest" time="22.889" classname="com.myprjct.qa.testcases.HomepageTest"/>
  <testcase name="verifyDealsLinkTest" time="21.717" classname="com.myprjct.qa.testcases.HomepageTest"/>
</testsuite> <!-- com.myprjct.qa.testcases.HomepageTest -->
